\BOOKMARK [1][-]{section*.1}{\376\377\000A\000b\000s\000t\000r\000a\000c\000t}{}% 1
\BOOKMARK [1][-]{section.1}{\376\377\0001\000\040\000I\000n\000t\000r\000o\000d\000u\000c\000t\000i\000o\000n}{}% 2
\BOOKMARK [1][-]{section.2}{\376\377\0002\000\040\000B\000a\000c\000k\000g\000r\000o\000u\000n\000d\000\040\000a\000n\000d\000\040\000M\000o\000t\000i\000v\000a\000t\000i\000o\000n}{}% 3
\BOOKMARK [2][-]{subsection.2.1}{\376\377\0002\000.\0001\000\040\000Y\000a\000t\000C\000C\000\040\000a\000n\000d\000\040\000C\000o\000m\000p\000i\000l\000a\000t\000i\000o\000n\000\040\000T\000a\000s\000k\000s}{section.2}% 4
\BOOKMARK [2][-]{subsection.2.2}{\376\377\0002\000.\0002\000\040\000P\000r\000o\000d\000u\000c\000t\000i\000o\000n\000-\000l\000e\000v\000e\000l\000\040\000S\000e\000r\000v\000i\000n\000g}{section.2}% 5
\BOOKMARK [2][-]{subsection.2.3}{\376\377\0002\000.\0003\000\040\000M\000o\000t\000i\000v\000a\000t\000i\000o\000n\000\040\000a\000n\000d\000\040\000C\000h\000a\000l\000l\000e\000n\000g\000e\000s}{section.2}% 6
\BOOKMARK [1][-]{section.3}{\376\377\0003\000\040\000D\000e\000s\000i\000g\000n\000\040\000a\000n\000d\000\040\000I\000m\000p\000l\000e\000m\000e\000n\000t\000a\000t\000i\000o\000n}{}% 7
\BOOKMARK [2][-]{subsection.3.1}{\376\377\0003\000.\0001\000\040\000A\000s\000s\000e\000s\000s\000m\000e\000n\000t\000\040\000F\000r\000a\000m\000e\000w\000o\000r\000k}{section.3}% 8
\BOOKMARK [2][-]{subsection.3.2}{\376\377\0003\000.\0002\000\040\000A\000s\000s\000e\000s\000s\000m\000e\000n\000t\000\040\000T\000a\000s\000k\000s}{section.3}% 9
\BOOKMARK [2][-]{subsection.3.3}{\376\377\0003\000.\0003\000\040\000U\000t\000i\000l\000i\000t\000y\000-\000O\000r\000i\000e\000n\000t\000e\000d\000\040\000M\000u\000l\000t\000i\000-\000D\000i\000m\000e\000n\000s\000i\000o\000n\000a\000l\000\040\000M\000e\000t\000r\000i\000c\000s}{section.3}% 10
\BOOKMARK [1][-]{section.4}{\376\377\0004\000\040\000R\000e\000s\000u\000l\000t\000s\000\040\000a\000n\000d\000\040\000A\000n\000a\000l\000y\000s\000i\000s}{}% 11
\BOOKMARK [2][-]{subsection.4.1}{\376\377\0004\000.\0001\000\040\000E\000x\000p\000e\000r\000i\000m\000e\000n\000t\000a\000l\000\040\000M\000e\000t\000h\000o\000d\000o\000l\000o\000g\000y}{section.4}% 12
\BOOKMARK [2][-]{subsection.4.2}{\376\377\0004\000.\0002\000\040\000O\000u\000t\000c\000o\000m\000e\000\040\000A\000n\000a\000l\000y\000s\000i\000s\000\040\000U\000n\000d\000e\000r\000\040\000P\000r\000o\000g\000r\000e\000s\000s\000i\000v\000e\000\040\000W\000o\000r\000k\000l\000o\000a\000d\000s}{section.4}% 13
\BOOKMARK [2][-]{subsection.4.3}{\376\377\0004\000.\0003\000\040\000P\000r\000o\000c\000e\000s\000s\000\040\000D\000i\000a\000g\000n\000o\000s\000t\000i\000c\000s\000\040\000a\000n\000d\000\040\000F\000a\000i\000l\000u\000r\000e\000\040\000A\000n\000a\000l\000y\000s\000i\000s}{section.4}% 14
\BOOKMARK [1][-]{section.5}{\376\377\0005\000\040\000D\000i\000s\000c\000u\000s\000s\000i\000o\000n}{}% 15
\BOOKMARK [2][-]{subsection.5.1}{\376\377\0005\000.\0001\000\040\000W\000h\000y\000\040\000P\000r\000o\000d\000u\000c\000t\000i\000o\000n\000-\000G\000r\000o\000u\000n\000d\000e\000d\000\040\000E\000v\000a\000l\000u\000a\000t\000i\000o\000n\000\040\000M\000a\000t\000t\000e\000r\000s}{section.5}% 16
\BOOKMARK [2][-]{subsection.5.2}{\376\377\0005\000.\0002\000\040\000R\000e\000s\000u\000r\000r\000e\000c\000t\000i\000o\000n\000\040\000a\000s\000\040\000M\000e\000t\000h\000o\000d\000o\000l\000o\000g\000y\000,\000\040\000N\000o\000t\000\040\000A\000s\000s\000i\000s\000t\000a\000n\000c\000e}{section.5}% 17
\BOOKMARK [2][-]{subsection.5.3}{\376\377\0005\000.\0003\000\040\000P\000r\000o\000c\000e\000s\000s\000\040\000C\000o\000s\000t\000\040\000a\000s\000\040\000D\000i\000a\000g\000n\000o\000s\000t\000i\000c\000\040\000S\000i\000g\000n\000a\000l}{section.5}% 18
\BOOKMARK [2][-]{subsection.5.4}{\376\377\0005\000.\0004\000\040\000T\000h\000e\000\040\000S\000c\000a\000f\000f\000o\000l\000d\000i\000n\000g\000\040\000G\000a\000p}{section.5}% 19
\BOOKMARK [2][-]{subsection.5.5}{\376\377\0005\000.\0005\000\040\000L\000i\000m\000i\000t\000a\000t\000i\000o\000n\000s}{section.5}% 20
\BOOKMARK [2][-]{subsection.5.6}{\376\377\0005\000.\0006\000\040\000F\000u\000t\000u\000r\000e\000\040\000D\000i\000r\000e\000c\000t\000i\000o\000n\000s}{section.5}% 21
\BOOKMARK [1][-]{section.6}{\376\377\0006\000\040\000R\000e\000l\000a\000t\000e\000d\000\040\000W\000o\000r\000k}{}% 22
\BOOKMARK [1][-]{section.7}{\376\377\0007\000\040\000C\000o\000n\000c\000l\000u\000s\000i\000o\000n}{}% 23
\BOOKMARK [1][-]{section.8}{\376\377\0008\000\040\000A\000d\000d\000i\000t\000i\000o\000n\000a\000l\000\040\000B\000e\000n\000c\000h\000m\000a\000r\000k\000\040\000D\000e\000t\000a\000i\000l\000s}{}% 24
\BOOKMARK [2][-]{subsection.8.1}{\376\377\0008\000.\0001\000\040\000T\000a\000s\000k\000\040\000D\000e\000s\000c\000r\000i\000p\000t\000i\000o\000n\000s}{section.8}% 25
\BOOKMARK [2][-]{subsection.8.2}{\376\377\0008\000.\0002\000\040\000E\000n\000v\000i\000r\000o\000n\000m\000e\000n\000t\000\040\000C\000o\000n\000f\000i\000g\000u\000r\000a\000t\000i\000o\000n}{section.8}% 26
\BOOKMARK [2][-]{subsection.8.3}{\376\377\0008\000.\0003\000\040\000S\000c\000o\000r\000i\000n\000g\000\040\000M\000e\000t\000h\000o\000d\000o\000l\000o\000g\000y}{section.8}% 27
\BOOKMARK [1][-]{section.9}{\376\377\0009\000\040\000A\000d\000d\000i\000t\000i\000o\000n\000a\000l\000\040\000E\000x\000p\000e\000r\000i\000m\000e\000n\000t\000a\000l\000\040\000R\000e\000s\000u\000l\000t\000s}{}% 28
\BOOKMARK [2][-]{subsection.9.1}{\376\377\0009\000.\0001\000\040\000F\000u\000l\000l\000\040\000L\000e\000a\000d\000e\000r\000b\000o\000a\000r\000d\000\040\000w\000i\000t\000h\000\040\000P\000r\000o\000c\000e\000s\000s\000\040\000M\000e\000t\000r\000i\000c\000s}{section.9}% 29
\BOOKMARK [2][-]{subsection.9.2}{\376\377\0009\000.\0002\000\040\000A\000b\000l\000a\000t\000i\000o\000n\000:\000\040\000I\000n\000d\000e\000p\000e\000n\000d\000e\000n\000t\000-\000T\000a\000s\000k\000\040\000B\000a\000s\000e\000l\000i\000n\000e}{section.9}% 30
\BOOKMARK [2][-]{subsection.9.3}{\376\377\0009\000.\0003\000\040\000A\000b\000l\000a\000t\000i\000o\000n\000:\000\040\000W\000e\000i\000g\000h\000t\000\040\000S\000e\000n\000s\000i\000t\000i\000v\000i\000t\000y}{section.9}% 31
\BOOKMARK [2][-]{subsection.9.4}{\376\377\0009\000.\0004\000\040\000A\000b\000l\000a\000t\000i\000o\000n\000:\000\040\000W\000i\000t\000h\000o\000u\000t\000\040\000T\000a\000s\000k\000\040\000G\000u\000i\000d\000e\000s}{section.9}% 32
